<?xml version="1.0" encoding="UTF-8"?>
<!-- Generated by org.testng.reporters.JUnitReportReporter -->
<testsuite hostname="Lenovo-PC" name="webdriver.methods.RadioButton_Test" tests="1" failures="0" timestamp="16 Dec 2016 03:29:00 GMT" time="1.768" errors="0">
  <testcase name="verifyRadioButton" time="1.768" classname="webdriver.methods.RadioButton_Test"/>
</testsuite> <!-- webdriver.methods.RadioButton_Test -->
