<?xml version="1.0" encoding="UTF-8"?>
<!-- Generated by org.testng.reporters.JUnitReportReporter -->
<testsuite skipped="0" hostname="Lenovo-PC" name="webdriver.methods.Mouseover_Test" tests="1" failures="0" timestamp="20 Dec 2016 03:01:02 GMT" time="1.644" errors="0">
  <testcase name="verifyMouseOver" time="1.644" classname="webdriver.methods.Mouseover_Test"/>
</testsuite> <!-- webdriver.methods.Mouseover_Test -->
