<?xml version="1.0" encoding="UTF-8"?>
<!-- Generated by org.testng.reporters.JUnitReportReporter -->
<testsuite skipped="0" hostname="Lenovo-PC" name="webdriver.methods.Listbox_Test" tests="1" failures="0" timestamp="17 Dec 2016 03:26:15 GMT" time="13.974" errors="0">
  <testcase name="verifySelect" time="13.974" classname="webdriver.methods.Listbox_Test"/>
</testsuite> <!-- webdriver.methods.Listbox_Test -->
