<?xml version="1.0" encoding="UTF-8"?>
<!-- Generated by org.testng.reporters.JUnitReportReporter -->
<testsuite skipped="0" hostname="Lenovo-PC" name="webdriver.methods.MouseHover_Test" tests="1" failures="0" timestamp="20 Dec 2016 03:02:32 GMT" time="5.456" errors="0">
  <testcase name="MenuNavigation" time="5.456" classname="webdriver.methods.MouseHover_Test"/>
</testsuite> <!-- webdriver.methods.MouseHover_Test -->
