<?xml version="1.0" encoding="UTF-8"?>
<!-- Generated by org.testng.reporters.JUnitReportReporter -->
<testsuite hostname="Lenovo-PC" name="webdriver.methods.Checkbox_Test" tests="1" failures="0" timestamp="16 Dec 2016 03:36:10 GMT" time="2.049" errors="0">
  <testcase name="verifyCheckbox" time="2.049" classname="webdriver.methods.Checkbox_Test"/>
</testsuite> <!-- webdriver.methods.Checkbox_Test -->
