<?xml version="1.0" encoding="UTF-8"?>
<!-- Generated by org.testng.reporters.JUnitReportReporter -->
<testsuite hostname="Lenovo-PC" name="webdriver.methods.Textbox_Test" tests="1" failures="0" timestamp="16 Dec 2016 03:07:11 GMT" time="1.099" errors="0">
  <testcase name="verifyTextBox" time="1.099" classname="webdriver.methods.Textbox_Test"/>
</testsuite> <!-- webdriver.methods.Textbox_Test -->
